Jul 24 03:03:42.204 INFO: manager: 2.0.1
Jul 24 03:03:42.204 INFO: manager: Copyright (C) 2003-2022, Noriaki Ando and OpenRTM development team,
Jul 24 03:03:42.204 INFO: manager:   Intelligent Systems Research Institute, AIST,
Jul 24 03:03:42.204 INFO: manager: Copyright (C) 2022, Noriaki Ando and OpenRTM development team,
Jul 24 03:03:42.204 INFO: manager:   Industrial Cyber-Physical Research Center, AIST,
Jul 24 03:03:42.204 INFO: manager:   All right reserved.
Jul 24 03:03:42.204 INFO: manager: Manager starting.
Jul 24 03:03:42.204 INFO: manager: Starting local logging.
Jul 24 03:03:42.228 INFO: NamingOnCorba: Endpoint for the CORBA naming service (localhost) is 127.0.0.1.
Jul 24 03:03:42.228 INFO: NamingManager: NameServer connection succeeded: corba/localhost
Jul 24 03:03:42.230 INFO: ManagerServant: Named manager reference (INS) was successfully created.
Jul 24 03:03:46.321 WARNING: ManagerServant: Master manager not found
Jul 24 03:03:46.323 INFO: LocalServiceAdmin: All the local services are enabled.
Jul 24 03:03:46.329 INFO: ec_base: setRate(1000000.000000) done
Jul 24 03:03:46.330 INFO: ec_base: setRate(1000.000000) done
Jul 24 03:03:46.330 INFO: hand_tracking_check0: 1 execution context was created.
Jul 24 03:03:46.331 INFO: hand_tracking_check0: Initial active configuration set is default.
Jul 24 03:03:51.003 WARNING: SdoServiceAdmin: No available SDO service in the factory: 
Jul 24 03:03:51.898 ERROR: ec_base: State of the RTC transitioned to ERROR_STATE.
Jul 24 03:03:54.562 ERROR: ec_worker: State of the RTC is not ACTIVE_STATE.
Jul 24 03:04:00.457 INFO: ManagerServant: Master manager not found
