Jul 24 03:06:40.386 INFO: manager: 2.0.1
Jul 24 03:06:40.386 INFO: manager: Copyright (C) 2003-2022, Noriaki Ando and OpenRTM development team,
Jul 24 03:06:40.386 INFO: manager:   Intelligent Systems Research Institute, AIST,
Jul 24 03:06:40.386 INFO: manager: Copyright (C) 2022, Noriaki Ando and OpenRTM development team,
Jul 24 03:06:40.386 INFO: manager:   Industrial Cyber-Physical Research Center, AIST,
Jul 24 03:06:40.386 INFO: manager:   All right reserved.
Jul 24 03:06:40.386 INFO: manager: Manager starting.
Jul 24 03:06:40.386 INFO: manager: Starting local logging.
Jul 24 03:06:40.416 INFO: NamingOnCorba: Endpoint for the CORBA naming service (localhost) is 127.0.0.1.
Jul 24 03:06:40.416 INFO: NamingManager: NameServer connection succeeded: corba/localhost
Jul 24 03:06:40.416 INFO: ManagerServant: Named manager reference (INS) was successfully created.
Jul 24 03:06:44.540 WARNING: ManagerServant: Master manager not found
Jul 24 03:06:44.541 INFO: LocalServiceAdmin: All the local services are enabled.
Jul 24 03:06:44.541 INFO: ec_base: setRate(1000000.000000) done
Jul 24 03:06:44.541 INFO: ec_base: setRate(1000.000000) done
Jul 24 03:06:44.541 INFO: hand_tracking_check0: 1 execution context was created.
Jul 24 03:06:44.541 INFO: hand_tracking_check0: Initial active configuration set is default.
Jul 24 03:06:58.695 INFO: ManagerServant: Master manager not found
Jul 24 03:07:07.508 WARNING: grip: buffer empty
Jul 24 03:07:08.698 INFO: ManagerServant: Master manager not found
Jul 24 03:07:18.674 INFO: ManagerServant: Master manager not found
Jul 24 03:07:28.804 INFO: ManagerServant: Master manager not found
Jul 24 03:07:38.802 INFO: ManagerServant: Master manager not found
