Jul 24 03:05:22.503 INFO: manager: 2.0.1
Jul 24 03:05:22.503 INFO: manager: Copyright (C) 2003-2022, Noriaki Ando and OpenRTM development team,
Jul 24 03:05:22.503 INFO: manager:   Intelligent Systems Research Institute, AIST,
Jul 24 03:05:22.503 INFO: manager: Copyright (C) 2022, Noriaki Ando and OpenRTM development team,
Jul 24 03:05:22.503 INFO: manager:   Industrial Cyber-Physical Research Center, AIST,
Jul 24 03:05:22.503 INFO: manager:   All right reserved.
Jul 24 03:05:22.503 INFO: manager: Manager starting.
Jul 24 03:05:22.503 INFO: manager: Starting local logging.
Jul 24 03:05:22.528 INFO: NamingOnCorba: Endpoint for the CORBA naming service (localhost) is 127.0.0.1.
Jul 24 03:05:22.528 INFO: NamingManager: NameServer connection succeeded: corba/localhost
Jul 24 03:05:22.529 INFO: ManagerServant: Named manager reference (INS) was successfully created.
Jul 24 03:05:26.637 WARNING: ManagerServant: Master manager not found
Jul 24 03:05:26.637 INFO: LocalServiceAdmin: All the local services are enabled.
Jul 24 03:05:26.638 INFO: ec_base: setRate(1000000.000000) done
Jul 24 03:05:26.638 INFO: ec_base: setRate(1000.000000) done
Jul 24 03:05:26.638 INFO: hand_tracking_check0: 1 execution context was created.
Jul 24 03:05:26.638 INFO: hand_tracking_check0: Initial active configuration set is default.
Jul 24 03:05:34.007 WARNING: SdoServiceAdmin: No available SDO service in the factory: 
Jul 24 03:05:40.781 INFO: ManagerServant: Master manager not found
Jul 24 03:05:50.778 INFO: ManagerServant: Master manager not found
Jul 24 03:06:00.876 INFO: ManagerServant: Master manager not found
Jul 24 03:06:10.990 INFO: ManagerServant: Master manager not found
Jul 24 03:06:20.952 INFO: ManagerServant: Master manager not found
Jul 24 03:06:31.045 INFO: ManagerServant: Master manager not found
